<?xml version="1.0" encoding="UTF-8"?>
<!-- Generated by org.testng.reporters.JUnitReportReporter -->
<testsuite hostname="Desktop-Monitor-1st-Floor-Room3" failures="0" tests="3" name="demoTestNG.DemoA" time="0.012" errors="0" timestamp="2025-02-01T12:35:14 IST" skipped="0">
  <testcase classname="demoTestNG.DemoA" name="demoB" time="0.001"/>
  <testcase classname="demoTestNG.DemoA" name="demo" time="0.010">
    <system-out>
      <![CDATA[Hello World]]>
    </system-out>
  </testcase> <!-- demo -->
  <testcase classname="demoTestNG.DemoA" name="demoA" time="0.001">
    <system-out>
      <![CDATA[Hi World]]>
    </system-out>
  </testcase> <!-- demoA -->
  <system-out>
    <![CDATA[Hello World
Hi World
createProject
deleteProject
modifyProject
createCustomer
deleteCustomer
modifyCustomer
createUser
deleteUser
modifyUser]]>
  </system-out>
</testsuite> <!-- demoTestNG.DemoA -->
