<?xml version="1.0" encoding="UTF-8"?>
<!-- Generated by org.testng.reporters.JUnitReportReporter -->
<testsuite hostname="Desktop-Monitor-1st-Floor-Room3" failures="0" tests="1" name="com.actitime.testscript.UserModule" time="7.138" errors="0" timestamp="2025-02-09T10:40:42 IST" skipped="0">
  <testcase classname="com.actitime.testscript.UserModule" name="createUser" time="7.138">
    <system-out>
      <![CDATA[createUser]]>
    </system-out>
  </testcase> <!-- createUser -->
  <system-out>
    <![CDATA[openBrowser
openBrowser
openBrowser
login
login
login
createCustomer
logout
closeBrowser
createUser
createProject
logout
logout
closeBrowser
closeBrowser]]>
  </system-out>
</testsuite> <!-- com.actitime.testscript.UserModule -->
