<?xml version="1.0" encoding="UTF-8"?>
<!-- Generated by org.testng.reporters.JUnitReportReporter -->
<testsuite hostname="Desktop-Monitor-1st-Floor-Room3" failures="0" tests="1" name="com.actitime.testscript.ProjectModule" time="7.312" errors="0" timestamp="2025-02-09T10:40:42 IST" skipped="0">
  <testcase classname="com.actitime.testscript.ProjectModule" name="createProject" time="7.312">
    <system-out>
      <![CDATA[createProject]]>
    </system-out>
  </testcase> <!-- createProject -->
  <system-out>
    <![CDATA[openBrowser
openBrowser
openBrowser
login
login
login
createCustomer
logout
closeBrowser
createUser
createProject
logout
logout
closeBrowser
closeBrowser]]>
  </system-out>
</testsuite> <!-- com.actitime.testscript.ProjectModule -->
