<?xml version="1.0" encoding="UTF-8"?>
<!-- Generated by org.testng.reporters.JUnitReportReporter -->
<testsuite hostname="Desktop-Monitor-1st-Floor-Room3" failures="0" tests="2" name="com.actitime.testscript.CustomerModule" time="12.440" errors="0" timestamp="2025-02-09T11:30:27 IST" skipped="0">
  <testcase classname="com.actitime.testscript.CustomerModule" name="createCustomer" time="6.228">
    <system-out>
      <![CDATA[createCustomer]]>
    </system-out>
  </testcase> <!-- createCustomer -->
  <testcase classname="com.actitime.testscript.CustomerModule" name="createCustomer" time="6.212">
    <system-out>
      <![CDATA[createCustomer]]>
    </system-out>
  </testcase> <!-- createCustomer -->
  <system-out>
    <![CDATA[openBrowser
login
openBrowser
login
createCustomer
logout
openBrowser
closeBrowser
login
createCustomer
logout
closeBrowser
closeBrowser]]>
  </system-out>
</testsuite> <!-- com.actitime.testscript.CustomerModule -->
